0 -> VECTOR VECTOR VECTOR VECTOR 
1 -> VECTOR VECTOR VECTOR SLLLIST 
2 -> VECTOR VECTOR VECTOR DLLLIST 
3 -> VECTOR VECTOR VECTOR SLLROVINGLIST 
4 -> VECTOR VECTOR VECTOR DLLROVINGLIST 
5 -> VECTOR VECTOR SLLLIST VECTOR 
6 -> VECTOR VECTOR SLLLIST SLLLIST 
7 -> VECTOR VECTOR SLLLIST DLLLIST 
8 -> VECTOR VECTOR SLLLIST SLLROVINGLIST 
9 -> VECTOR VECTOR SLLLIST DLLROVINGLIST 
10 -> VECTOR VECTOR DLLLIST VECTOR 
11 -> VECTOR VECTOR DLLLIST SLLLIST 
12 -> VECTOR VECTOR DLLLIST DLLLIST 
13 -> VECTOR VECTOR DLLLIST SLLROVINGLIST 
14 -> VECTOR VECTOR DLLLIST DLLROVINGLIST 
15 -> VECTOR VECTOR SLLROVINGLIST VECTOR 
16 -> VECTOR VECTOR SLLROVINGLIST SLLLIST 
17 -> VECTOR VECTOR SLLROVINGLIST DLLLIST 
18 -> VECTOR VECTOR SLLROVINGLIST SLLROVINGLIST 
19 -> VECTOR VECTOR SLLROVINGLIST DLLROVINGLIST 
20 -> VECTOR VECTOR DLLROVINGLIST VECTOR 
21 -> VECTOR VECTOR DLLROVINGLIST SLLLIST 
22 -> VECTOR VECTOR DLLROVINGLIST DLLLIST 
23 -> VECTOR VECTOR DLLROVINGLIST SLLROVINGLIST 
24 -> VECTOR VECTOR DLLROVINGLIST DLLROVINGLIST 
25 -> VECTOR SLLLIST VECTOR VECTOR 
26 -> VECTOR SLLLIST VECTOR SLLLIST 
27 -> VECTOR SLLLIST VECTOR DLLLIST 
28 -> VECTOR SLLLIST VECTOR SLLROVINGLIST 
29 -> VECTOR SLLLIST VECTOR DLLROVINGLIST 
30 -> VECTOR SLLLIST SLLLIST VECTOR 
31 -> VECTOR SLLLIST SLLLIST SLLLIST 
32 -> VECTOR SLLLIST SLLLIST DLLLIST 
33 -> VECTOR SLLLIST SLLLIST SLLROVINGLIST 
34 -> VECTOR SLLLIST SLLLIST DLLROVINGLIST 
35 -> VECTOR SLLLIST DLLLIST VECTOR 
36 -> VECTOR SLLLIST DLLLIST SLLLIST 
37 -> VECTOR SLLLIST DLLLIST DLLLIST 
38 -> VECTOR SLLLIST DLLLIST SLLROVINGLIST 
39 -> VECTOR SLLLIST DLLLIST DLLROVINGLIST 
40 -> VECTOR SLLLIST SLLROVINGLIST VECTOR 
41 -> VECTOR SLLLIST SLLROVINGLIST SLLLIST 
42 -> VECTOR SLLLIST SLLROVINGLIST DLLLIST 
43 -> VECTOR SLLLIST SLLROVINGLIST SLLROVINGLIST 
44 -> VECTOR SLLLIST SLLROVINGLIST DLLROVINGLIST 
45 -> VECTOR SLLLIST DLLROVINGLIST VECTOR 
46 -> VECTOR SLLLIST DLLROVINGLIST SLLLIST 
47 -> VECTOR SLLLIST DLLROVINGLIST DLLLIST 
48 -> VECTOR SLLLIST DLLROVINGLIST SLLROVINGLIST 
49 -> VECTOR SLLLIST DLLROVINGLIST DLLROVINGLIST 
50 -> VECTOR DLLLIST VECTOR VECTOR 
51 -> VECTOR DLLLIST VECTOR SLLLIST 
52 -> VECTOR DLLLIST VECTOR DLLLIST 
53 -> VECTOR DLLLIST VECTOR SLLROVINGLIST 
54 -> VECTOR DLLLIST VECTOR DLLROVINGLIST 
55 -> VECTOR DLLLIST SLLLIST VECTOR 
56 -> VECTOR DLLLIST SLLLIST SLLLIST 
57 -> VECTOR DLLLIST SLLLIST DLLLIST 
58 -> VECTOR DLLLIST SLLLIST SLLROVINGLIST 
59 -> VECTOR DLLLIST SLLLIST DLLROVINGLIST 
60 -> VECTOR DLLLIST DLLLIST VECTOR 
61 -> VECTOR DLLLIST DLLLIST SLLLIST 
62 -> VECTOR DLLLIST DLLLIST DLLLIST 
63 -> VECTOR DLLLIST DLLLIST SLLROVINGLIST 
64 -> VECTOR DLLLIST DLLLIST DLLROVINGLIST 
65 -> VECTOR DLLLIST SLLROVINGLIST VECTOR 
66 -> VECTOR DLLLIST SLLROVINGLIST SLLLIST 
67 -> VECTOR DLLLIST SLLROVINGLIST DLLLIST 
68 -> VECTOR DLLLIST SLLROVINGLIST SLLROVINGLIST 
69 -> VECTOR DLLLIST SLLROVINGLIST DLLROVINGLIST 
70 -> VECTOR DLLLIST DLLROVINGLIST VECTOR 
71 -> VECTOR DLLLIST DLLROVINGLIST SLLLIST 
72 -> VECTOR DLLLIST DLLROVINGLIST DLLLIST 
73 -> VECTOR DLLLIST DLLROVINGLIST SLLROVINGLIST 
74 -> VECTOR DLLLIST DLLROVINGLIST DLLROVINGLIST 
75 -> VECTOR SLLROVINGLIST VECTOR VECTOR 
76 -> VECTOR SLLROVINGLIST VECTOR SLLLIST 
77 -> VECTOR SLLROVINGLIST VECTOR DLLLIST 
78 -> VECTOR SLLROVINGLIST VECTOR SLLROVINGLIST 
79 -> VECTOR SLLROVINGLIST VECTOR DLLROVINGLIST 
80 -> VECTOR SLLROVINGLIST SLLLIST VECTOR 
81 -> VECTOR SLLROVINGLIST SLLLIST SLLLIST 
82 -> VECTOR SLLROVINGLIST SLLLIST DLLLIST 
83 -> VECTOR SLLROVINGLIST SLLLIST SLLROVINGLIST 
84 -> VECTOR SLLROVINGLIST SLLLIST DLLROVINGLIST 
85 -> VECTOR SLLROVINGLIST DLLLIST VECTOR 
86 -> VECTOR SLLROVINGLIST DLLLIST SLLLIST 
87 -> VECTOR SLLROVINGLIST DLLLIST DLLLIST 
88 -> VECTOR SLLROVINGLIST DLLLIST SLLROVINGLIST 
89 -> VECTOR SLLROVINGLIST DLLLIST DLLROVINGLIST 
90 -> VECTOR SLLROVINGLIST SLLROVINGLIST VECTOR 
91 -> VECTOR SLLROVINGLIST SLLROVINGLIST SLLLIST 
92 -> VECTOR SLLROVINGLIST SLLROVINGLIST DLLLIST 
93 -> VECTOR SLLROVINGLIST SLLROVINGLIST SLLROVINGLIST 
94 -> VECTOR SLLROVINGLIST SLLROVINGLIST DLLROVINGLIST 
95 -> VECTOR SLLROVINGLIST DLLROVINGLIST VECTOR 
96 -> VECTOR SLLROVINGLIST DLLROVINGLIST SLLLIST 
97 -> VECTOR SLLROVINGLIST DLLROVINGLIST DLLLIST 
98 -> VECTOR SLLROVINGLIST DLLROVINGLIST SLLROVINGLIST 
99 -> VECTOR SLLROVINGLIST DLLROVINGLIST DLLROVINGLIST 
100 -> VECTOR DLLROVINGLIST VECTOR VECTOR 
101 -> VECTOR DLLROVINGLIST VECTOR SLLLIST 
102 -> VECTOR DLLROVINGLIST VECTOR DLLLIST 
103 -> VECTOR DLLROVINGLIST VECTOR SLLROVINGLIST 
104 -> VECTOR DLLROVINGLIST VECTOR DLLROVINGLIST 
105 -> VECTOR DLLROVINGLIST SLLLIST VECTOR 
106 -> VECTOR DLLROVINGLIST SLLLIST SLLLIST 
107 -> VECTOR DLLROVINGLIST SLLLIST DLLLIST 
108 -> VECTOR DLLROVINGLIST SLLLIST SLLROVINGLIST 
109 -> VECTOR DLLROVINGLIST SLLLIST DLLROVINGLIST 
110 -> VECTOR DLLROVINGLIST DLLLIST VECTOR 
111 -> VECTOR DLLROVINGLIST DLLLIST SLLLIST 
112 -> VECTOR DLLROVINGLIST DLLLIST DLLLIST 
113 -> VECTOR DLLROVINGLIST DLLLIST SLLROVINGLIST 
114 -> VECTOR DLLROVINGLIST DLLLIST DLLROVINGLIST 
115 -> VECTOR DLLROVINGLIST SLLROVINGLIST VECTOR 
116 -> VECTOR DLLROVINGLIST SLLROVINGLIST SLLLIST 
117 -> VECTOR DLLROVINGLIST SLLROVINGLIST DLLLIST 
118 -> VECTOR DLLROVINGLIST SLLROVINGLIST SLLROVINGLIST 
119 -> VECTOR DLLROVINGLIST SLLROVINGLIST DLLROVINGLIST 
120 -> VECTOR DLLROVINGLIST DLLROVINGLIST VECTOR 
121 -> VECTOR DLLROVINGLIST DLLROVINGLIST SLLLIST 
122 -> VECTOR DLLROVINGLIST DLLROVINGLIST DLLLIST 
123 -> VECTOR DLLROVINGLIST DLLROVINGLIST SLLROVINGLIST 
124 -> VECTOR DLLROVINGLIST DLLROVINGLIST DLLROVINGLIST 
125 -> SLLLIST VECTOR VECTOR VECTOR 
126 -> SLLLIST VECTOR VECTOR SLLLIST 
127 -> SLLLIST VECTOR VECTOR DLLLIST 
128 -> SLLLIST VECTOR VECTOR SLLROVINGLIST 
129 -> SLLLIST VECTOR VECTOR DLLROVINGLIST 
130 -> SLLLIST VECTOR SLLLIST VECTOR 
131 -> SLLLIST VECTOR SLLLIST SLLLIST 
132 -> SLLLIST VECTOR SLLLIST DLLLIST 
133 -> SLLLIST VECTOR SLLLIST SLLROVINGLIST 
134 -> SLLLIST VECTOR SLLLIST DLLROVINGLIST 
135 -> SLLLIST VECTOR DLLLIST VECTOR 
136 -> SLLLIST VECTOR DLLLIST SLLLIST 
137 -> SLLLIST VECTOR DLLLIST DLLLIST 
138 -> SLLLIST VECTOR DLLLIST SLLROVINGLIST 
139 -> SLLLIST VECTOR DLLLIST DLLROVINGLIST 
140 -> SLLLIST VECTOR SLLROVINGLIST VECTOR 
141 -> SLLLIST VECTOR SLLROVINGLIST SLLLIST 
142 -> SLLLIST VECTOR SLLROVINGLIST DLLLIST 
143 -> SLLLIST VECTOR SLLROVINGLIST SLLROVINGLIST 
144 -> SLLLIST VECTOR SLLROVINGLIST DLLROVINGLIST 
145 -> SLLLIST VECTOR DLLROVINGLIST VECTOR 
146 -> SLLLIST VECTOR DLLROVINGLIST SLLLIST 
147 -> SLLLIST VECTOR DLLROVINGLIST DLLLIST 
148 -> SLLLIST VECTOR DLLROVINGLIST SLLROVINGLIST 
149 -> SLLLIST VECTOR DLLROVINGLIST DLLROVINGLIST 
150 -> SLLLIST SLLLIST VECTOR VECTOR 
151 -> SLLLIST SLLLIST VECTOR SLLLIST 
152 -> SLLLIST SLLLIST VECTOR DLLLIST 
153 -> SLLLIST SLLLIST VECTOR SLLROVINGLIST 
154 -> SLLLIST SLLLIST VECTOR DLLROVINGLIST 
155 -> SLLLIST SLLLIST SLLLIST VECTOR 
156 -> SLLLIST SLLLIST SLLLIST SLLLIST 
157 -> SLLLIST SLLLIST SLLLIST DLLLIST 
158 -> SLLLIST SLLLIST SLLLIST SLLROVINGLIST 
159 -> SLLLIST SLLLIST SLLLIST DLLROVINGLIST 
160 -> SLLLIST SLLLIST DLLLIST VECTOR 
161 -> SLLLIST SLLLIST DLLLIST SLLLIST 
162 -> SLLLIST SLLLIST DLLLIST DLLLIST 
163 -> SLLLIST SLLLIST DLLLIST SLLROVINGLIST 
164 -> SLLLIST SLLLIST DLLLIST DLLROVINGLIST 
165 -> SLLLIST SLLLIST SLLROVINGLIST VECTOR 
166 -> SLLLIST SLLLIST SLLROVINGLIST SLLLIST 
167 -> SLLLIST SLLLIST SLLROVINGLIST DLLLIST 
168 -> SLLLIST SLLLIST SLLROVINGLIST SLLROVINGLIST 
169 -> SLLLIST SLLLIST SLLROVINGLIST DLLROVINGLIST 
170 -> SLLLIST SLLLIST DLLROVINGLIST VECTOR 
171 -> SLLLIST SLLLIST DLLROVINGLIST SLLLIST 
172 -> SLLLIST SLLLIST DLLROVINGLIST DLLLIST 
173 -> SLLLIST SLLLIST DLLROVINGLIST SLLROVINGLIST 
174 -> SLLLIST SLLLIST DLLROVINGLIST DLLROVINGLIST 
175 -> SLLLIST DLLLIST VECTOR VECTOR 
176 -> SLLLIST DLLLIST VECTOR SLLLIST 
177 -> SLLLIST DLLLIST VECTOR DLLLIST 
178 -> SLLLIST DLLLIST VECTOR SLLROVINGLIST 
179 -> SLLLIST DLLLIST VECTOR DLLROVINGLIST 
180 -> SLLLIST DLLLIST SLLLIST VECTOR 
181 -> SLLLIST DLLLIST SLLLIST SLLLIST 
182 -> SLLLIST DLLLIST SLLLIST DLLLIST 
183 -> SLLLIST DLLLIST SLLLIST SLLROVINGLIST 
184 -> SLLLIST DLLLIST SLLLIST DLLROVINGLIST 
185 -> SLLLIST DLLLIST DLLLIST VECTOR 
186 -> SLLLIST DLLLIST DLLLIST SLLLIST 
187 -> SLLLIST DLLLIST DLLLIST DLLLIST 
188 -> SLLLIST DLLLIST DLLLIST SLLROVINGLIST 
189 -> SLLLIST DLLLIST DLLLIST DLLROVINGLIST 
190 -> SLLLIST DLLLIST SLLROVINGLIST VECTOR 
191 -> SLLLIST DLLLIST SLLROVINGLIST SLLLIST 
192 -> SLLLIST DLLLIST SLLROVINGLIST DLLLIST 
193 -> SLLLIST DLLLIST SLLROVINGLIST SLLROVINGLIST 
194 -> SLLLIST DLLLIST SLLROVINGLIST DLLROVINGLIST 
195 -> SLLLIST DLLLIST DLLROVINGLIST VECTOR 
196 -> SLLLIST DLLLIST DLLROVINGLIST SLLLIST 
197 -> SLLLIST DLLLIST DLLROVINGLIST DLLLIST 
198 -> SLLLIST DLLLIST DLLROVINGLIST SLLROVINGLIST 
199 -> SLLLIST DLLLIST DLLROVINGLIST DLLROVINGLIST 
200 -> SLLLIST SLLROVINGLIST VECTOR VECTOR 
201 -> SLLLIST SLLROVINGLIST VECTOR SLLLIST 
202 -> SLLLIST SLLROVINGLIST VECTOR DLLLIST 
203 -> SLLLIST SLLROVINGLIST VECTOR SLLROVINGLIST 
204 -> SLLLIST SLLROVINGLIST VECTOR DLLROVINGLIST 
205 -> SLLLIST SLLROVINGLIST SLLLIST VECTOR 
206 -> SLLLIST SLLROVINGLIST SLLLIST SLLLIST 
207 -> SLLLIST SLLROVINGLIST SLLLIST DLLLIST 
208 -> SLLLIST SLLROVINGLIST SLLLIST SLLROVINGLIST 
209 -> SLLLIST SLLROVINGLIST SLLLIST DLLROVINGLIST 
210 -> SLLLIST SLLROVINGLIST DLLLIST VECTOR 
211 -> SLLLIST SLLROVINGLIST DLLLIST SLLLIST 
212 -> SLLLIST SLLROVINGLIST DLLLIST DLLLIST 
213 -> SLLLIST SLLROVINGLIST DLLLIST SLLROVINGLIST 
214 -> SLLLIST SLLROVINGLIST DLLLIST DLLROVINGLIST 
215 -> SLLLIST SLLROVINGLIST SLLROVINGLIST VECTOR 
216 -> SLLLIST SLLROVINGLIST SLLROVINGLIST SLLLIST 
217 -> SLLLIST SLLROVINGLIST SLLROVINGLIST DLLLIST 
218 -> SLLLIST SLLROVINGLIST SLLROVINGLIST SLLROVINGLIST 
219 -> SLLLIST SLLROVINGLIST SLLROVINGLIST DLLROVINGLIST 
220 -> SLLLIST SLLROVINGLIST DLLROVINGLIST VECTOR 
221 -> SLLLIST SLLROVINGLIST DLLROVINGLIST SLLLIST 
222 -> SLLLIST SLLROVINGLIST DLLROVINGLIST DLLLIST 
223 -> SLLLIST SLLROVINGLIST DLLROVINGLIST SLLROVINGLIST 
224 -> SLLLIST SLLROVINGLIST DLLROVINGLIST DLLROVINGLIST 
225 -> SLLLIST DLLROVINGLIST VECTOR VECTOR 
226 -> SLLLIST DLLROVINGLIST VECTOR SLLLIST 
227 -> SLLLIST DLLROVINGLIST VECTOR DLLLIST 
228 -> SLLLIST DLLROVINGLIST VECTOR SLLROVINGLIST 
229 -> SLLLIST DLLROVINGLIST VECTOR DLLROVINGLIST 
230 -> SLLLIST DLLROVINGLIST SLLLIST VECTOR 
231 -> SLLLIST DLLROVINGLIST SLLLIST SLLLIST 
232 -> SLLLIST DLLROVINGLIST SLLLIST DLLLIST 
233 -> SLLLIST DLLROVINGLIST SLLLIST SLLROVINGLIST 
234 -> SLLLIST DLLROVINGLIST SLLLIST DLLROVINGLIST 
235 -> SLLLIST DLLROVINGLIST DLLLIST VECTOR 
236 -> SLLLIST DLLROVINGLIST DLLLIST SLLLIST 
237 -> SLLLIST DLLROVINGLIST DLLLIST DLLLIST 
238 -> SLLLIST DLLROVINGLIST DLLLIST SLLROVINGLIST 
239 -> SLLLIST DLLROVINGLIST DLLLIST DLLROVINGLIST 
240 -> SLLLIST DLLROVINGLIST SLLROVINGLIST VECTOR 
241 -> SLLLIST DLLROVINGLIST SLLROVINGLIST SLLLIST 
242 -> SLLLIST DLLROVINGLIST SLLROVINGLIST DLLLIST 
243 -> SLLLIST DLLROVINGLIST SLLROVINGLIST SLLROVINGLIST 
244 -> SLLLIST DLLROVINGLIST SLLROVINGLIST DLLROVINGLIST 
245 -> SLLLIST DLLROVINGLIST DLLROVINGLIST VECTOR 
246 -> SLLLIST DLLROVINGLIST DLLROVINGLIST SLLLIST 
247 -> SLLLIST DLLROVINGLIST DLLROVINGLIST DLLLIST 
248 -> SLLLIST DLLROVINGLIST DLLROVINGLIST SLLROVINGLIST 
249 -> SLLLIST DLLROVINGLIST DLLROVINGLIST DLLROVINGLIST 
250 -> DLLLIST VECTOR VECTOR VECTOR 
251 -> DLLLIST VECTOR VECTOR SLLLIST 
252 -> DLLLIST VECTOR VECTOR DLLLIST 
253 -> DLLLIST VECTOR VECTOR SLLROVINGLIST 
254 -> DLLLIST VECTOR VECTOR DLLROVINGLIST 
255 -> DLLLIST VECTOR SLLLIST VECTOR 
256 -> DLLLIST VECTOR SLLLIST SLLLIST 
257 -> DLLLIST VECTOR SLLLIST DLLLIST 
258 -> DLLLIST VECTOR SLLLIST SLLROVINGLIST 
259 -> DLLLIST VECTOR SLLLIST DLLROVINGLIST 
260 -> DLLLIST VECTOR DLLLIST VECTOR 
261 -> DLLLIST VECTOR DLLLIST SLLLIST 
262 -> DLLLIST VECTOR DLLLIST DLLLIST 
263 -> DLLLIST VECTOR DLLLIST SLLROVINGLIST 
264 -> DLLLIST VECTOR DLLLIST DLLROVINGLIST 
265 -> DLLLIST VECTOR SLLROVINGLIST VECTOR 
266 -> DLLLIST VECTOR SLLROVINGLIST SLLLIST 
267 -> DLLLIST VECTOR SLLROVINGLIST DLLLIST 
268 -> DLLLIST VECTOR SLLROVINGLIST SLLROVINGLIST 
269 -> DLLLIST VECTOR SLLROVINGLIST DLLROVINGLIST 
270 -> DLLLIST VECTOR DLLROVINGLIST VECTOR 
271 -> DLLLIST VECTOR DLLROVINGLIST SLLLIST 
272 -> DLLLIST VECTOR DLLROVINGLIST DLLLIST 
273 -> DLLLIST VECTOR DLLROVINGLIST SLLROVINGLIST 
274 -> DLLLIST VECTOR DLLROVINGLIST DLLROVINGLIST 
275 -> DLLLIST SLLLIST VECTOR VECTOR 
276 -> DLLLIST SLLLIST VECTOR SLLLIST 
277 -> DLLLIST SLLLIST VECTOR DLLLIST 
278 -> DLLLIST SLLLIST VECTOR SLLROVINGLIST 
279 -> DLLLIST SLLLIST VECTOR DLLROVINGLIST 
280 -> DLLLIST SLLLIST SLLLIST VECTOR 
281 -> DLLLIST SLLLIST SLLLIST SLLLIST 
282 -> DLLLIST SLLLIST SLLLIST DLLLIST 
283 -> DLLLIST SLLLIST SLLLIST SLLROVINGLIST 
284 -> DLLLIST SLLLIST SLLLIST DLLROVINGLIST 
285 -> DLLLIST SLLLIST DLLLIST VECTOR 
286 -> DLLLIST SLLLIST DLLLIST SLLLIST 
287 -> DLLLIST SLLLIST DLLLIST DLLLIST 
288 -> DLLLIST SLLLIST DLLLIST SLLROVINGLIST 
289 -> DLLLIST SLLLIST DLLLIST DLLROVINGLIST 
290 -> DLLLIST SLLLIST SLLROVINGLIST VECTOR 
291 -> DLLLIST SLLLIST SLLROVINGLIST SLLLIST 
292 -> DLLLIST SLLLIST SLLROVINGLIST DLLLIST 
293 -> DLLLIST SLLLIST SLLROVINGLIST SLLROVINGLIST 
294 -> DLLLIST SLLLIST SLLROVINGLIST DLLROVINGLIST 
295 -> DLLLIST SLLLIST DLLROVINGLIST VECTOR 
296 -> DLLLIST SLLLIST DLLROVINGLIST SLLLIST 
297 -> DLLLIST SLLLIST DLLROVINGLIST DLLLIST 
298 -> DLLLIST SLLLIST DLLROVINGLIST SLLROVINGLIST 
299 -> DLLLIST SLLLIST DLLROVINGLIST DLLROVINGLIST 
300 -> DLLLIST DLLLIST VECTOR VECTOR 
301 -> DLLLIST DLLLIST VECTOR SLLLIST 
302 -> DLLLIST DLLLIST VECTOR DLLLIST 
303 -> DLLLIST DLLLIST VECTOR SLLROVINGLIST 
304 -> DLLLIST DLLLIST VECTOR DLLROVINGLIST 
305 -> DLLLIST DLLLIST SLLLIST VECTOR 
306 -> DLLLIST DLLLIST SLLLIST SLLLIST 
307 -> DLLLIST DLLLIST SLLLIST DLLLIST 
308 -> DLLLIST DLLLIST SLLLIST SLLROVINGLIST 
309 -> DLLLIST DLLLIST SLLLIST DLLROVINGLIST 
310 -> DLLLIST DLLLIST DLLLIST VECTOR 
311 -> DLLLIST DLLLIST DLLLIST SLLLIST 
312 -> DLLLIST DLLLIST DLLLIST DLLLIST 
313 -> DLLLIST DLLLIST DLLLIST SLLROVINGLIST 
314 -> DLLLIST DLLLIST DLLLIST DLLROVINGLIST 
315 -> DLLLIST DLLLIST SLLROVINGLIST VECTOR 
316 -> DLLLIST DLLLIST SLLROVINGLIST SLLLIST 
317 -> DLLLIST DLLLIST SLLROVINGLIST DLLLIST 
318 -> DLLLIST DLLLIST SLLROVINGLIST SLLROVINGLIST 
319 -> DLLLIST DLLLIST SLLROVINGLIST DLLROVINGLIST 
320 -> DLLLIST DLLLIST DLLROVINGLIST VECTOR 
321 -> DLLLIST DLLLIST DLLROVINGLIST SLLLIST 
322 -> DLLLIST DLLLIST DLLROVINGLIST DLLLIST 
323 -> DLLLIST DLLLIST DLLROVINGLIST SLLROVINGLIST 
324 -> DLLLIST DLLLIST DLLROVINGLIST DLLROVINGLIST 
325 -> DLLLIST SLLROVINGLIST VECTOR VECTOR 
326 -> DLLLIST SLLROVINGLIST VECTOR SLLLIST 
327 -> DLLLIST SLLROVINGLIST VECTOR DLLLIST 
328 -> DLLLIST SLLROVINGLIST VECTOR SLLROVINGLIST 
329 -> DLLLIST SLLROVINGLIST VECTOR DLLROVINGLIST 
330 -> DLLLIST SLLROVINGLIST SLLLIST VECTOR 
331 -> DLLLIST SLLROVINGLIST SLLLIST SLLLIST 
332 -> DLLLIST SLLROVINGLIST SLLLIST DLLLIST 
333 -> DLLLIST SLLROVINGLIST SLLLIST SLLROVINGLIST 
334 -> DLLLIST SLLROVINGLIST SLLLIST DLLROVINGLIST 
335 -> DLLLIST SLLROVINGLIST DLLLIST VECTOR 
336 -> DLLLIST SLLROVINGLIST DLLLIST SLLLIST 
337 -> DLLLIST SLLROVINGLIST DLLLIST DLLLIST 
338 -> DLLLIST SLLROVINGLIST DLLLIST SLLROVINGLIST 
339 -> DLLLIST SLLROVINGLIST DLLLIST DLLROVINGLIST 
340 -> DLLLIST SLLROVINGLIST SLLROVINGLIST VECTOR 
341 -> DLLLIST SLLROVINGLIST SLLROVINGLIST SLLLIST 
342 -> DLLLIST SLLROVINGLIST SLLROVINGLIST DLLLIST 
343 -> DLLLIST SLLROVINGLIST SLLROVINGLIST SLLROVINGLIST 
344 -> DLLLIST SLLROVINGLIST SLLROVINGLIST DLLROVINGLIST 
345 -> DLLLIST SLLROVINGLIST DLLROVINGLIST VECTOR 
346 -> DLLLIST SLLROVINGLIST DLLROVINGLIST SLLLIST 
347 -> DLLLIST SLLROVINGLIST DLLROVINGLIST DLLLIST 
348 -> DLLLIST SLLROVINGLIST DLLROVINGLIST SLLROVINGLIST 
349 -> DLLLIST SLLROVINGLIST DLLROVINGLIST DLLROVINGLIST 
350 -> DLLLIST DLLROVINGLIST VECTOR VECTOR 
351 -> DLLLIST DLLROVINGLIST VECTOR SLLLIST 
352 -> DLLLIST DLLROVINGLIST VECTOR DLLLIST 
353 -> DLLLIST DLLROVINGLIST VECTOR SLLROVINGLIST 
354 -> DLLLIST DLLROVINGLIST VECTOR DLLROVINGLIST 
355 -> DLLLIST DLLROVINGLIST SLLLIST VECTOR 
356 -> DLLLIST DLLROVINGLIST SLLLIST SLLLIST 
357 -> DLLLIST DLLROVINGLIST SLLLIST DLLLIST 
358 -> DLLLIST DLLROVINGLIST SLLLIST SLLROVINGLIST 
359 -> DLLLIST DLLROVINGLIST SLLLIST DLLROVINGLIST 
360 -> DLLLIST DLLROVINGLIST DLLLIST VECTOR 
361 -> DLLLIST DLLROVINGLIST DLLLIST SLLLIST 
362 -> DLLLIST DLLROVINGLIST DLLLIST DLLLIST 
363 -> DLLLIST DLLROVINGLIST DLLLIST SLLROVINGLIST 
364 -> DLLLIST DLLROVINGLIST DLLLIST DLLROVINGLIST 
365 -> DLLLIST DLLROVINGLIST SLLROVINGLIST VECTOR 
366 -> DLLLIST DLLROVINGLIST SLLROVINGLIST SLLLIST 
367 -> DLLLIST DLLROVINGLIST SLLROVINGLIST DLLLIST 
368 -> DLLLIST DLLROVINGLIST SLLROVINGLIST SLLROVINGLIST 
369 -> DLLLIST DLLROVINGLIST SLLROVINGLIST DLLROVINGLIST 
370 -> DLLLIST DLLROVINGLIST DLLROVINGLIST VECTOR 
371 -> DLLLIST DLLROVINGLIST DLLROVINGLIST SLLLIST 
372 -> DLLLIST DLLROVINGLIST DLLROVINGLIST DLLLIST 
373 -> DLLLIST DLLROVINGLIST DLLROVINGLIST SLLROVINGLIST 
374 -> DLLLIST DLLROVINGLIST DLLROVINGLIST DLLROVINGLIST 
375 -> SLLROVINGLIST VECTOR VECTOR VECTOR 
376 -> SLLROVINGLIST VECTOR VECTOR SLLLIST 
377 -> SLLROVINGLIST VECTOR VECTOR DLLLIST 
378 -> SLLROVINGLIST VECTOR VECTOR SLLROVINGLIST 
379 -> SLLROVINGLIST VECTOR VECTOR DLLROVINGLIST 
380 -> SLLROVINGLIST VECTOR SLLLIST VECTOR 
381 -> SLLROVINGLIST VECTOR SLLLIST SLLLIST 
382 -> SLLROVINGLIST VECTOR SLLLIST DLLLIST 
383 -> SLLROVINGLIST VECTOR SLLLIST SLLROVINGLIST 
384 -> SLLROVINGLIST VECTOR SLLLIST DLLROVINGLIST 
385 -> SLLROVINGLIST VECTOR DLLLIST VECTOR 
386 -> SLLROVINGLIST VECTOR DLLLIST SLLLIST 
387 -> SLLROVINGLIST VECTOR DLLLIST DLLLIST 
388 -> SLLROVINGLIST VECTOR DLLLIST SLLROVINGLIST 
389 -> SLLROVINGLIST VECTOR DLLLIST DLLROVINGLIST 
390 -> SLLROVINGLIST VECTOR SLLROVINGLIST VECTOR 
391 -> SLLROVINGLIST VECTOR SLLROVINGLIST SLLLIST 
392 -> SLLROVINGLIST VECTOR SLLROVINGLIST DLLLIST 
393 -> SLLROVINGLIST VECTOR SLLROVINGLIST SLLROVINGLIST 
394 -> SLLROVINGLIST VECTOR SLLROVINGLIST DLLROVINGLIST 
395 -> SLLROVINGLIST VECTOR DLLROVINGLIST VECTOR 
396 -> SLLROVINGLIST VECTOR DLLROVINGLIST SLLLIST 
397 -> SLLROVINGLIST VECTOR DLLROVINGLIST DLLLIST 
398 -> SLLROVINGLIST VECTOR DLLROVINGLIST SLLROVINGLIST 
399 -> SLLROVINGLIST VECTOR DLLROVINGLIST DLLROVINGLIST 
400 -> SLLROVINGLIST SLLLIST VECTOR VECTOR 
401 -> SLLROVINGLIST SLLLIST VECTOR SLLLIST 
402 -> SLLROVINGLIST SLLLIST VECTOR DLLLIST 
403 -> SLLROVINGLIST SLLLIST VECTOR SLLROVINGLIST 
404 -> SLLROVINGLIST SLLLIST VECTOR DLLROVINGLIST 
405 -> SLLROVINGLIST SLLLIST SLLLIST VECTOR 
406 -> SLLROVINGLIST SLLLIST SLLLIST SLLLIST 
407 -> SLLROVINGLIST SLLLIST SLLLIST DLLLIST 
408 -> SLLROVINGLIST SLLLIST SLLLIST SLLROVINGLIST 
409 -> SLLROVINGLIST SLLLIST SLLLIST DLLROVINGLIST 
410 -> SLLROVINGLIST SLLLIST DLLLIST VECTOR 
411 -> SLLROVINGLIST SLLLIST DLLLIST SLLLIST 
412 -> SLLROVINGLIST SLLLIST DLLLIST DLLLIST 
413 -> SLLROVINGLIST SLLLIST DLLLIST SLLROVINGLIST 
414 -> SLLROVINGLIST SLLLIST DLLLIST DLLROVINGLIST 
415 -> SLLROVINGLIST SLLLIST SLLROVINGLIST VECTOR 
416 -> SLLROVINGLIST SLLLIST SLLROVINGLIST SLLLIST 
417 -> SLLROVINGLIST SLLLIST SLLROVINGLIST DLLLIST 
418 -> SLLROVINGLIST SLLLIST SLLROVINGLIST SLLROVINGLIST 
419 -> SLLROVINGLIST SLLLIST SLLROVINGLIST DLLROVINGLIST 
420 -> SLLROVINGLIST SLLLIST DLLROVINGLIST VECTOR 
421 -> SLLROVINGLIST SLLLIST DLLROVINGLIST SLLLIST 
422 -> SLLROVINGLIST SLLLIST DLLROVINGLIST DLLLIST 
423 -> SLLROVINGLIST SLLLIST DLLROVINGLIST SLLROVINGLIST 
424 -> SLLROVINGLIST SLLLIST DLLROVINGLIST DLLROVINGLIST 
425 -> SLLROVINGLIST DLLLIST VECTOR VECTOR 
426 -> SLLROVINGLIST DLLLIST VECTOR SLLLIST 
427 -> SLLROVINGLIST DLLLIST VECTOR DLLLIST 
428 -> SLLROVINGLIST DLLLIST VECTOR SLLROVINGLIST 
429 -> SLLROVINGLIST DLLLIST VECTOR DLLROVINGLIST 
430 -> SLLROVINGLIST DLLLIST SLLLIST VECTOR 
431 -> SLLROVINGLIST DLLLIST SLLLIST SLLLIST 
432 -> SLLROVINGLIST DLLLIST SLLLIST DLLLIST 
433 -> SLLROVINGLIST DLLLIST SLLLIST SLLROVINGLIST 
434 -> SLLROVINGLIST DLLLIST SLLLIST DLLROVINGLIST 
435 -> SLLROVINGLIST DLLLIST DLLLIST VECTOR 
436 -> SLLROVINGLIST DLLLIST DLLLIST SLLLIST 
437 -> SLLROVINGLIST DLLLIST DLLLIST DLLLIST 
438 -> SLLROVINGLIST DLLLIST DLLLIST SLLROVINGLIST 
439 -> SLLROVINGLIST DLLLIST DLLLIST DLLROVINGLIST 
440 -> SLLROVINGLIST DLLLIST SLLROVINGLIST VECTOR 
441 -> SLLROVINGLIST DLLLIST SLLROVINGLIST SLLLIST 
442 -> SLLROVINGLIST DLLLIST SLLROVINGLIST DLLLIST 
443 -> SLLROVINGLIST DLLLIST SLLROVINGLIST SLLROVINGLIST 
444 -> SLLROVINGLIST DLLLIST SLLROVINGLIST DLLROVINGLIST 
445 -> SLLROVINGLIST DLLLIST DLLROVINGLIST VECTOR 
446 -> SLLROVINGLIST DLLLIST DLLROVINGLIST SLLLIST 
447 -> SLLROVINGLIST DLLLIST DLLROVINGLIST DLLLIST 
448 -> SLLROVINGLIST DLLLIST DLLROVINGLIST SLLROVINGLIST 
449 -> SLLROVINGLIST DLLLIST DLLROVINGLIST DLLROVINGLIST 
450 -> SLLROVINGLIST SLLROVINGLIST VECTOR VECTOR 
451 -> SLLROVINGLIST SLLROVINGLIST VECTOR SLLLIST 
452 -> SLLROVINGLIST SLLROVINGLIST VECTOR DLLLIST 
453 -> SLLROVINGLIST SLLROVINGLIST VECTOR SLLROVINGLIST 
454 -> SLLROVINGLIST SLLROVINGLIST VECTOR DLLROVINGLIST 
455 -> SLLROVINGLIST SLLROVINGLIST SLLLIST VECTOR 
456 -> SLLROVINGLIST SLLROVINGLIST SLLLIST SLLLIST 
457 -> SLLROVINGLIST SLLROVINGLIST SLLLIST DLLLIST 
458 -> SLLROVINGLIST SLLROVINGLIST SLLLIST SLLROVINGLIST 
459 -> SLLROVINGLIST SLLROVINGLIST SLLLIST DLLROVINGLIST 
460 -> SLLROVINGLIST SLLROVINGLIST DLLLIST VECTOR 
461 -> SLLROVINGLIST SLLROVINGLIST DLLLIST SLLLIST 
462 -> SLLROVINGLIST SLLROVINGLIST DLLLIST DLLLIST 
463 -> SLLROVINGLIST SLLROVINGLIST DLLLIST SLLROVINGLIST 
464 -> SLLROVINGLIST SLLROVINGLIST DLLLIST DLLROVINGLIST 
465 -> SLLROVINGLIST SLLROVINGLIST SLLROVINGLIST VECTOR 
466 -> SLLROVINGLIST SLLROVINGLIST SLLROVINGLIST SLLLIST 
467 -> SLLROVINGLIST SLLROVINGLIST SLLROVINGLIST DLLLIST 
468 -> SLLROVINGLIST SLLROVINGLIST SLLROVINGLIST SLLROVINGLIST 
469 -> SLLROVINGLIST SLLROVINGLIST SLLROVINGLIST DLLROVINGLIST 
470 -> SLLROVINGLIST SLLROVINGLIST DLLROVINGLIST VECTOR 
471 -> SLLROVINGLIST SLLROVINGLIST DLLROVINGLIST SLLLIST 
472 -> SLLROVINGLIST SLLROVINGLIST DLLROVINGLIST DLLLIST 
473 -> SLLROVINGLIST SLLROVINGLIST DLLROVINGLIST SLLROVINGLIST 
474 -> SLLROVINGLIST SLLROVINGLIST DLLROVINGLIST DLLROVINGLIST 
475 -> SLLROVINGLIST DLLROVINGLIST VECTOR VECTOR 
476 -> SLLROVINGLIST DLLROVINGLIST VECTOR SLLLIST 
477 -> SLLROVINGLIST DLLROVINGLIST VECTOR DLLLIST 
478 -> SLLROVINGLIST DLLROVINGLIST VECTOR SLLROVINGLIST 
479 -> SLLROVINGLIST DLLROVINGLIST VECTOR DLLROVINGLIST 
480 -> SLLROVINGLIST DLLROVINGLIST SLLLIST VECTOR 
481 -> SLLROVINGLIST DLLROVINGLIST SLLLIST SLLLIST 
482 -> SLLROVINGLIST DLLROVINGLIST SLLLIST DLLLIST 
483 -> SLLROVINGLIST DLLROVINGLIST SLLLIST SLLROVINGLIST 
484 -> SLLROVINGLIST DLLROVINGLIST SLLLIST DLLROVINGLIST 
485 -> SLLROVINGLIST DLLROVINGLIST DLLLIST VECTOR 
486 -> SLLROVINGLIST DLLROVINGLIST DLLLIST SLLLIST 
487 -> SLLROVINGLIST DLLROVINGLIST DLLLIST DLLLIST 
488 -> SLLROVINGLIST DLLROVINGLIST DLLLIST SLLROVINGLIST 
489 -> SLLROVINGLIST DLLROVINGLIST DLLLIST DLLROVINGLIST 
490 -> SLLROVINGLIST DLLROVINGLIST SLLROVINGLIST VECTOR 
491 -> SLLROVINGLIST DLLROVINGLIST SLLROVINGLIST SLLLIST 
492 -> SLLROVINGLIST DLLROVINGLIST SLLROVINGLIST DLLLIST 
493 -> SLLROVINGLIST DLLROVINGLIST SLLROVINGLIST SLLROVINGLIST 
494 -> SLLROVINGLIST DLLROVINGLIST SLLROVINGLIST DLLROVINGLIST 
495 -> SLLROVINGLIST DLLROVINGLIST DLLROVINGLIST VECTOR 
496 -> SLLROVINGLIST DLLROVINGLIST DLLROVINGLIST SLLLIST 
497 -> SLLROVINGLIST DLLROVINGLIST DLLROVINGLIST DLLLIST 
498 -> SLLROVINGLIST DLLROVINGLIST DLLROVINGLIST SLLROVINGLIST 
499 -> SLLROVINGLIST DLLROVINGLIST DLLROVINGLIST DLLROVINGLIST 
500 -> DLLROVINGLIST VECTOR VECTOR VECTOR 
501 -> DLLROVINGLIST VECTOR VECTOR SLLLIST 
502 -> DLLROVINGLIST VECTOR VECTOR DLLLIST 
503 -> DLLROVINGLIST VECTOR VECTOR SLLROVINGLIST 
504 -> DLLROVINGLIST VECTOR VECTOR DLLROVINGLIST 
505 -> DLLROVINGLIST VECTOR SLLLIST VECTOR 
506 -> DLLROVINGLIST VECTOR SLLLIST SLLLIST 
507 -> DLLROVINGLIST VECTOR SLLLIST DLLLIST 
508 -> DLLROVINGLIST VECTOR SLLLIST SLLROVINGLIST 
509 -> DLLROVINGLIST VECTOR SLLLIST DLLROVINGLIST 
510 -> DLLROVINGLIST VECTOR DLLLIST VECTOR 
511 -> DLLROVINGLIST VECTOR DLLLIST SLLLIST 
512 -> DLLROVINGLIST VECTOR DLLLIST DLLLIST 
513 -> DLLROVINGLIST VECTOR DLLLIST SLLROVINGLIST 
514 -> DLLROVINGLIST VECTOR DLLLIST DLLROVINGLIST 
515 -> DLLROVINGLIST VECTOR SLLROVINGLIST VECTOR 
516 -> DLLROVINGLIST VECTOR SLLROVINGLIST SLLLIST 
517 -> DLLROVINGLIST VECTOR SLLROVINGLIST DLLLIST 
518 -> DLLROVINGLIST VECTOR SLLROVINGLIST SLLROVINGLIST 
519 -> DLLROVINGLIST VECTOR SLLROVINGLIST DLLROVINGLIST 
520 -> DLLROVINGLIST VECTOR DLLROVINGLIST VECTOR 
521 -> DLLROVINGLIST VECTOR DLLROVINGLIST SLLLIST 
522 -> DLLROVINGLIST VECTOR DLLROVINGLIST DLLLIST 
523 -> DLLROVINGLIST VECTOR DLLROVINGLIST SLLROVINGLIST 
524 -> DLLROVINGLIST VECTOR DLLROVINGLIST DLLROVINGLIST 
525 -> DLLROVINGLIST SLLLIST VECTOR VECTOR 
526 -> DLLROVINGLIST SLLLIST VECTOR SLLLIST 
527 -> DLLROVINGLIST SLLLIST VECTOR DLLLIST 
528 -> DLLROVINGLIST SLLLIST VECTOR SLLROVINGLIST 
529 -> DLLROVINGLIST SLLLIST VECTOR DLLROVINGLIST 
530 -> DLLROVINGLIST SLLLIST SLLLIST VECTOR 
531 -> DLLROVINGLIST SLLLIST SLLLIST SLLLIST 
532 -> DLLROVINGLIST SLLLIST SLLLIST DLLLIST 
533 -> DLLROVINGLIST SLLLIST SLLLIST SLLROVINGLIST 
534 -> DLLROVINGLIST SLLLIST SLLLIST DLLROVINGLIST 
535 -> DLLROVINGLIST SLLLIST DLLLIST VECTOR 
536 -> DLLROVINGLIST SLLLIST DLLLIST SLLLIST 
537 -> DLLROVINGLIST SLLLIST DLLLIST DLLLIST 
538 -> DLLROVINGLIST SLLLIST DLLLIST SLLROVINGLIST 
539 -> DLLROVINGLIST SLLLIST DLLLIST DLLROVINGLIST 
540 -> DLLROVINGLIST SLLLIST SLLROVINGLIST VECTOR 
541 -> DLLROVINGLIST SLLLIST SLLROVINGLIST SLLLIST 
542 -> DLLROVINGLIST SLLLIST SLLROVINGLIST DLLLIST 
543 -> DLLROVINGLIST SLLLIST SLLROVINGLIST SLLROVINGLIST 
544 -> DLLROVINGLIST SLLLIST SLLROVINGLIST DLLROVINGLIST 
545 -> DLLROVINGLIST SLLLIST DLLROVINGLIST VECTOR 
546 -> DLLROVINGLIST SLLLIST DLLROVINGLIST SLLLIST 
547 -> DLLROVINGLIST SLLLIST DLLROVINGLIST DLLLIST 
548 -> DLLROVINGLIST SLLLIST DLLROVINGLIST SLLROVINGLIST 
549 -> DLLROVINGLIST SLLLIST DLLROVINGLIST DLLROVINGLIST 
550 -> DLLROVINGLIST DLLLIST VECTOR VECTOR 
551 -> DLLROVINGLIST DLLLIST VECTOR SLLLIST 
552 -> DLLROVINGLIST DLLLIST VECTOR DLLLIST 
553 -> DLLROVINGLIST DLLLIST VECTOR SLLROVINGLIST 
554 -> DLLROVINGLIST DLLLIST VECTOR DLLROVINGLIST 
555 -> DLLROVINGLIST DLLLIST SLLLIST VECTOR 
556 -> DLLROVINGLIST DLLLIST SLLLIST SLLLIST 
557 -> DLLROVINGLIST DLLLIST SLLLIST DLLLIST 
558 -> DLLROVINGLIST DLLLIST SLLLIST SLLROVINGLIST 
559 -> DLLROVINGLIST DLLLIST SLLLIST DLLROVINGLIST 
560 -> DLLROVINGLIST DLLLIST DLLLIST VECTOR 
561 -> DLLROVINGLIST DLLLIST DLLLIST SLLLIST 
562 -> DLLROVINGLIST DLLLIST DLLLIST DLLLIST 
563 -> DLLROVINGLIST DLLLIST DLLLIST SLLROVINGLIST 
564 -> DLLROVINGLIST DLLLIST DLLLIST DLLROVINGLIST 
565 -> DLLROVINGLIST DLLLIST SLLROVINGLIST VECTOR 
566 -> DLLROVINGLIST DLLLIST SLLROVINGLIST SLLLIST 
567 -> DLLROVINGLIST DLLLIST SLLROVINGLIST DLLLIST 
568 -> DLLROVINGLIST DLLLIST SLLROVINGLIST SLLROVINGLIST 
569 -> DLLROVINGLIST DLLLIST SLLROVINGLIST DLLROVINGLIST 
570 -> DLLROVINGLIST DLLLIST DLLROVINGLIST VECTOR 
571 -> DLLROVINGLIST DLLLIST DLLROVINGLIST SLLLIST 
572 -> DLLROVINGLIST DLLLIST DLLROVINGLIST DLLLIST 
573 -> DLLROVINGLIST DLLLIST DLLROVINGLIST SLLROVINGLIST 
574 -> DLLROVINGLIST DLLLIST DLLROVINGLIST DLLROVINGLIST 
575 -> DLLROVINGLIST SLLROVINGLIST VECTOR VECTOR 
576 -> DLLROVINGLIST SLLROVINGLIST VECTOR SLLLIST 
577 -> DLLROVINGLIST SLLROVINGLIST VECTOR DLLLIST 
578 -> DLLROVINGLIST SLLROVINGLIST VECTOR SLLROVINGLIST 
579 -> DLLROVINGLIST SLLROVINGLIST VECTOR DLLROVINGLIST 
580 -> DLLROVINGLIST SLLROVINGLIST SLLLIST VECTOR 
581 -> DLLROVINGLIST SLLROVINGLIST SLLLIST SLLLIST 
582 -> DLLROVINGLIST SLLROVINGLIST SLLLIST DLLLIST 
583 -> DLLROVINGLIST SLLROVINGLIST SLLLIST SLLROVINGLIST 
584 -> DLLROVINGLIST SLLROVINGLIST SLLLIST DLLROVINGLIST 
585 -> DLLROVINGLIST SLLROVINGLIST DLLLIST VECTOR 
586 -> DLLROVINGLIST SLLROVINGLIST DLLLIST SLLLIST 
587 -> DLLROVINGLIST SLLROVINGLIST DLLLIST DLLLIST 
588 -> DLLROVINGLIST SLLROVINGLIST DLLLIST SLLROVINGLIST 
589 -> DLLROVINGLIST SLLROVINGLIST DLLLIST DLLROVINGLIST 
590 -> DLLROVINGLIST SLLROVINGLIST SLLROVINGLIST VECTOR 
591 -> DLLROVINGLIST SLLROVINGLIST SLLROVINGLIST SLLLIST 
592 -> DLLROVINGLIST SLLROVINGLIST SLLROVINGLIST DLLLIST 
593 -> DLLROVINGLIST SLLROVINGLIST SLLROVINGLIST SLLROVINGLIST 
594 -> DLLROVINGLIST SLLROVINGLIST SLLROVINGLIST DLLROVINGLIST 
595 -> DLLROVINGLIST SLLROVINGLIST DLLROVINGLIST VECTOR 
596 -> DLLROVINGLIST SLLROVINGLIST DLLROVINGLIST SLLLIST 
597 -> DLLROVINGLIST SLLROVINGLIST DLLROVINGLIST DLLLIST 
598 -> DLLROVINGLIST SLLROVINGLIST DLLROVINGLIST SLLROVINGLIST 
599 -> DLLROVINGLIST SLLROVINGLIST DLLROVINGLIST DLLROVINGLIST 
600 -> DLLROVINGLIST DLLROVINGLIST VECTOR VECTOR 
601 -> DLLROVINGLIST DLLROVINGLIST VECTOR SLLLIST 
602 -> DLLROVINGLIST DLLROVINGLIST VECTOR DLLLIST 
603 -> DLLROVINGLIST DLLROVINGLIST VECTOR SLLROVINGLIST 
604 -> DLLROVINGLIST DLLROVINGLIST VECTOR DLLROVINGLIST 
605 -> DLLROVINGLIST DLLROVINGLIST SLLLIST VECTOR 
606 -> DLLROVINGLIST DLLROVINGLIST SLLLIST SLLLIST 
607 -> DLLROVINGLIST DLLROVINGLIST SLLLIST DLLLIST 
608 -> DLLROVINGLIST DLLROVINGLIST SLLLIST SLLROVINGLIST 
609 -> DLLROVINGLIST DLLROVINGLIST SLLLIST DLLROVINGLIST 
610 -> DLLROVINGLIST DLLROVINGLIST DLLLIST VECTOR 
611 -> DLLROVINGLIST DLLROVINGLIST DLLLIST SLLLIST 
612 -> DLLROVINGLIST DLLROVINGLIST DLLLIST DLLLIST 
613 -> DLLROVINGLIST DLLROVINGLIST DLLLIST SLLROVINGLIST 
614 -> DLLROVINGLIST DLLROVINGLIST DLLLIST DLLROVINGLIST 
615 -> DLLROVINGLIST DLLROVINGLIST SLLROVINGLIST VECTOR 
616 -> DLLROVINGLIST DLLROVINGLIST SLLROVINGLIST SLLLIST 
617 -> DLLROVINGLIST DLLROVINGLIST SLLROVINGLIST DLLLIST 
618 -> DLLROVINGLIST DLLROVINGLIST SLLROVINGLIST SLLROVINGLIST 
619 -> DLLROVINGLIST DLLROVINGLIST SLLROVINGLIST DLLROVINGLIST 
620 -> DLLROVINGLIST DLLROVINGLIST DLLROVINGLIST VECTOR 
621 -> DLLROVINGLIST DLLROVINGLIST DLLROVINGLIST SLLLIST 
622 -> DLLROVINGLIST DLLROVINGLIST DLLROVINGLIST DLLLIST 
623 -> DLLROVINGLIST DLLROVINGLIST DLLROVINGLIST SLLROVINGLIST 
624 -> DLLROVINGLIST DLLROVINGLIST DLLROVINGLIST DLLROVINGLIST 
